                                      1 ;--------------------------------------------------------
                                      2 ; File Created by SDCC : free open source ANSI-C Compiler
                                      3 ; Version 3.5.0 #9253 (Jun 20 2015) (MINGW32)
                                      4 ; This file was generated Mon Jun 29 18:28:45 2020
                                      5 ;--------------------------------------------------------
                                      6 	.module GPIO
                                      7 	.optsdcc -mmcs51 --model-small
                                      8 	
                                      9 ;--------------------------------------------------------
                                     10 ; Public variables in this module
                                     11 ;--------------------------------------------------------
                                     12 	.globl _GPIO_Set_Port_pin_PARM_3
                                     13 	.globl _GPIO_Set_Port_pin_PARM_2
                                     14 	.globl _GPIO_Init_Port_pin_PARM_3
                                     15 	.globl _GPIO_Init_Port_pin_PARM_2
                                     16 	.globl _GPIO_Init_Port_pin
                                     17 	.globl _GPIO_Set_Port_pin
                                     18 ;--------------------------------------------------------
                                     19 ; special function registers
                                     20 ;--------------------------------------------------------
                                     21 	.area RSEG    (ABS,DATA)
      000000                         22 	.org 0x0000
                                     23 ;--------------------------------------------------------
                                     24 ; special function bits
                                     25 ;--------------------------------------------------------
                                     26 	.area RSEG    (ABS,DATA)
      000000                         27 	.org 0x0000
                                     28 ;--------------------------------------------------------
                                     29 ; overlayable register banks
                                     30 ;--------------------------------------------------------
                                     31 	.area REG_BANK_0	(REL,OVR,DATA)
      000000                         32 	.ds 8
                                     33 ;--------------------------------------------------------
                                     34 ; internal ram data
                                     35 ;--------------------------------------------------------
                                     36 	.area DSEG    (DATA)
                                     37 ;--------------------------------------------------------
                                     38 ; overlayable items in internal ram 
                                     39 ;--------------------------------------------------------
                                     40 	.area	OSEG    (OVR,DATA)
                           000000    41 LGPIO.GPIO_Init_Port_pin$pin$1$7==.
      000000                         42 _GPIO_Init_Port_pin_PARM_2:
      000000                         43 	.ds 1
                           000001    44 LGPIO.GPIO_Init_Port_pin$direction$1$7==.
      000001                         45 _GPIO_Init_Port_pin_PARM_3:
      000001                         46 	.ds 1
                                     47 	.area	OSEG    (OVR,DATA)
                           000000    48 LGPIO.GPIO_Set_Port_pin$pin$1$9==.
      000000                         49 _GPIO_Set_Port_pin_PARM_2:
      000000                         50 	.ds 1
                           000001    51 LGPIO.GPIO_Set_Port_pin$data$1$9==.
      000001                         52 _GPIO_Set_Port_pin_PARM_3:
      000001                         53 	.ds 1
                                     54 ;--------------------------------------------------------
                                     55 ; indirectly addressable internal ram data
                                     56 ;--------------------------------------------------------
                                     57 	.area ISEG    (DATA)
                                     58 ;--------------------------------------------------------
                                     59 ; absolute internal ram data
                                     60 ;--------------------------------------------------------
                                     61 	.area IABS    (ABS,DATA)
                                     62 	.area IABS    (ABS,DATA)
                                     63 ;--------------------------------------------------------
                                     64 ; bit data
                                     65 ;--------------------------------------------------------
                                     66 	.area BSEG    (BIT)
                                     67 ;--------------------------------------------------------
                                     68 ; paged external ram data
                                     69 ;--------------------------------------------------------
                                     70 	.area PSEG    (PAG,XDATA)
                                     71 ;--------------------------------------------------------
                                     72 ; external ram data
                                     73 ;--------------------------------------------------------
                                     74 	.area XSEG    (XDATA)
                                     75 ;--------------------------------------------------------
                                     76 ; absolute external ram data
                                     77 ;--------------------------------------------------------
                                     78 	.area XABS    (ABS,XDATA)
                                     79 ;--------------------------------------------------------
                                     80 ; external initialized ram data
                                     81 ;--------------------------------------------------------
                                     82 	.area XISEG   (XDATA)
                                     83 	.area HOME    (CODE)
                                     84 	.area GSINIT0 (CODE)
                                     85 	.area GSINIT1 (CODE)
                                     86 	.area GSINIT2 (CODE)
                                     87 	.area GSINIT3 (CODE)
                                     88 	.area GSINIT4 (CODE)
                                     89 	.area GSINIT5 (CODE)
                                     90 	.area GSINIT  (CODE)
                                     91 	.area GSFINAL (CODE)
                                     92 	.area CSEG    (CODE)
                                     93 ;--------------------------------------------------------
                                     94 ; global & static initialisations
                                     95 ;--------------------------------------------------------
                                     96 	.area HOME    (CODE)
                                     97 	.area GSINIT  (CODE)
                                     98 	.area GSFINAL (CODE)
                                     99 	.area GSINIT  (CODE)
                                    100 ;--------------------------------------------------------
                                    101 ; Home
                                    102 ;--------------------------------------------------------
                                    103 	.area HOME    (CODE)
                                    104 	.area HOME    (CODE)
                                    105 ;--------------------------------------------------------
                                    106 ; code
                                    107 ;--------------------------------------------------------
                                    108 	.area CSEG    (CODE)
                                    109 ;------------------------------------------------------------
                                    110 ;Allocation info for local variables in function 'GPIO_Init_Port_pin'
                                    111 ;------------------------------------------------------------
                                    112 ;pin                       Allocated with name '_GPIO_Init_Port_pin_PARM_2'
                                    113 ;direction                 Allocated with name '_GPIO_Init_Port_pin_PARM_3'
                                    114 ;Port                      Allocated to registers r7 
                                    115 ;------------------------------------------------------------
                           000000   116 	G$GPIO_Init_Port_pin$0$0 ==.
                           000000   117 	C$GPIO.c$5$0$0 ==.
                                    118 ;	GPIO.c:5: void GPIO_Init_Port_pin(tPort Port , unsigned char pin , tPortDir direction )
                                    119 ;	-----------------------------------------
                                    120 ;	 function GPIO_Init_Port_pin
                                    121 ;	-----------------------------------------
      000000                        122 _GPIO_Init_Port_pin:
                           000007   123 	ar7 = 0x07
                           000006   124 	ar6 = 0x06
                           000005   125 	ar5 = 0x05
                           000004   126 	ar4 = 0x04
                           000003   127 	ar3 = 0x03
                           000002   128 	ar2 = 0x02
                           000001   129 	ar1 = 0x01
                           000000   130 	ar0 = 0x00
      000000 AF 82            [24]  131 	mov	r7,dpl
                           000002   132 	C$GPIO.c$7$1$8 ==.
                                    133 ;	GPIO.c:7: REG_SET_BIT(Port + Direction_REG_OFFSIT ,pin , direction);
      000002 E4               [12]  134 	clr	a
      000003 FE               [12]  135 	mov	r6,a
      000004 FD               [12]  136 	mov	r5,a
      000005 74 80            [12]  137 	mov	a,#0x80
      000007 2F               [12]  138 	add	a,r7
      000008 FF               [12]  139 	mov	r7,a
      000009 E4               [12]  140 	clr	a
      00000A 3E               [12]  141 	addc	a,r6
      00000B FE               [12]  142 	mov	r6,a
      00000C 8F 82            [24]  143 	mov	dpl,r7
      00000E 8E 83            [24]  144 	mov	dph,r6
      000010 8D F0            [24]  145 	mov	b,r5
      000012 12r00r00         [24]  146 	lcall	__gptrget
      000015 FC               [12]  147 	mov	r4,a
      000016 85*00 F0         [24]  148 	mov	b,_GPIO_Init_Port_pin_PARM_2
      000019 05 F0            [12]  149 	inc	b
      00001B 74 01            [12]  150 	mov	a,#0x01
      00001D 80 02            [24]  151 	sjmp	00105$
      00001F                        152 00103$:
      00001F 25 E0            [12]  153 	add	a,acc
      000021                        154 00105$:
      000021 D5 F0 FB         [24]  155 	djnz	b,00103$
      000024 F4               [12]  156 	cpl	a
      000025 FB               [12]  157 	mov	r3,a
      000026 52 04            [12]  158 	anl	ar4,a
      000028 85*00 F0         [24]  159 	mov	b,_GPIO_Init_Port_pin_PARM_2
      00002B 05 F0            [12]  160 	inc	b
      00002D E5*01            [12]  161 	mov	a,_GPIO_Init_Port_pin_PARM_3
      00002F 80 02            [24]  162 	sjmp	00108$
      000031                        163 00106$:
      000031 25 E0            [12]  164 	add	a,acc
      000033                        165 00108$:
      000033 D5 F0 FB         [24]  166 	djnz	b,00106$
      000036 42 04            [12]  167 	orl	ar4,a
      000038 8F 82            [24]  168 	mov	dpl,r7
      00003A 8E 83            [24]  169 	mov	dph,r6
      00003C 8D F0            [24]  170 	mov	b,r5
      00003E EC               [12]  171 	mov	a,r4
      00003F 12r00r00         [24]  172 	lcall	__gptrput
                           000042   173 	C$GPIO.c$8$1$8 ==.
                           000042   174 	XG$GPIO_Init_Port_pin$0$0 ==.
      000042 22               [24]  175 	ret
                                    176 ;------------------------------------------------------------
                                    177 ;Allocation info for local variables in function 'GPIO_Set_Port_pin'
                                    178 ;------------------------------------------------------------
                                    179 ;pin                       Allocated with name '_GPIO_Set_Port_pin_PARM_2'
                                    180 ;data                      Allocated with name '_GPIO_Set_Port_pin_PARM_3'
                                    181 ;Port                      Allocated to registers r7 
                                    182 ;------------------------------------------------------------
                           000043   183 	G$GPIO_Set_Port_pin$0$0 ==.
                           000043   184 	C$GPIO.c$10$1$8 ==.
                                    185 ;	GPIO.c:10: void GPIO_Set_Port_pin(tPort Port , unsigned char pin , unsigned char data)
                                    186 ;	-----------------------------------------
                                    187 ;	 function GPIO_Set_Port_pin
                                    188 ;	-----------------------------------------
      000043                        189 _GPIO_Set_Port_pin:
      000043 AF 82            [24]  190 	mov	r7,dpl
                           000045   191 	C$GPIO.c$12$1$10 ==.
                                    192 ;	GPIO.c:12: REG_SET_BIT(Port , pin ,data);
      000045 7E 00            [12]  193 	mov	r6,#0x00
      000047 7D 00            [12]  194 	mov	r5,#0x00
      000049 8F 82            [24]  195 	mov	dpl,r7
      00004B 8E 83            [24]  196 	mov	dph,r6
      00004D 8D F0            [24]  197 	mov	b,r5
      00004F 12r00r00         [24]  198 	lcall	__gptrget
      000052 FC               [12]  199 	mov	r4,a
      000053 85*00 F0         [24]  200 	mov	b,_GPIO_Set_Port_pin_PARM_2
      000056 05 F0            [12]  201 	inc	b
      000058 74 01            [12]  202 	mov	a,#0x01
      00005A 80 02            [24]  203 	sjmp	00105$
      00005C                        204 00103$:
      00005C 25 E0            [12]  205 	add	a,acc
      00005E                        206 00105$:
      00005E D5 F0 FB         [24]  207 	djnz	b,00103$
      000061 F4               [12]  208 	cpl	a
      000062 FB               [12]  209 	mov	r3,a
      000063 52 04            [12]  210 	anl	ar4,a
      000065 85*00 F0         [24]  211 	mov	b,_GPIO_Set_Port_pin_PARM_2
      000068 05 F0            [12]  212 	inc	b
      00006A E5*01            [12]  213 	mov	a,_GPIO_Set_Port_pin_PARM_3
      00006C 80 02            [24]  214 	sjmp	00108$
      00006E                        215 00106$:
      00006E 25 E0            [12]  216 	add	a,acc
      000070                        217 00108$:
      000070 D5 F0 FB         [24]  218 	djnz	b,00106$
      000073 42 04            [12]  219 	orl	ar4,a
      000075 8F 82            [24]  220 	mov	dpl,r7
      000077 8E 83            [24]  221 	mov	dph,r6
      000079 8D F0            [24]  222 	mov	b,r5
      00007B EC               [12]  223 	mov	a,r4
      00007C 12r00r00         [24]  224 	lcall	__gptrput
                           00007F   225 	C$GPIO.c$14$1$10 ==.
                           00007F   226 	XG$GPIO_Set_Port_pin$0$0 ==.
      00007F 22               [24]  227 	ret
                                    228 	.area CSEG    (CODE)
                                    229 	.area CONST   (CODE)
                                    230 	.area XINIT   (CODE)
                                    231 	.area CABS    (ABS,CODE)
