                                      1 ;--------------------------------------------------------
                                      2 ; File Created by SDCC : free open source ANSI-C Compiler
                                      3 ; Version 3.5.0 #9253 (Jun 20 2015) (MINGW32)
                                      4 ; This file was generated Mon Jun 29 18:28:45 2020
                                      5 ;--------------------------------------------------------
                                      6 	.module main
                                      7 	.optsdcc -mmcs51 --model-small
                                      8 	
                                      9 ;--------------------------------------------------------
                                     10 ; Public variables in this module
                                     11 ;--------------------------------------------------------
                                     12 	.globl _main
                                     13 	.globl _GPIO_Set_Port_pin
                                     14 	.globl _GPIO_Init_Port_pin
                                     15 ;--------------------------------------------------------
                                     16 ; special function registers
                                     17 ;--------------------------------------------------------
                                     18 	.area RSEG    (ABS,DATA)
      000000                         19 	.org 0x0000
                                     20 ;--------------------------------------------------------
                                     21 ; special function bits
                                     22 ;--------------------------------------------------------
                                     23 	.area RSEG    (ABS,DATA)
      000000                         24 	.org 0x0000
                                     25 ;--------------------------------------------------------
                                     26 ; overlayable register banks
                                     27 ;--------------------------------------------------------
                                     28 	.area REG_BANK_0	(REL,OVR,DATA)
      000000                         29 	.ds 8
                                     30 ;--------------------------------------------------------
                                     31 ; internal ram data
                                     32 ;--------------------------------------------------------
                                     33 	.area DSEG    (DATA)
                                     34 ;--------------------------------------------------------
                                     35 ; overlayable items in internal ram 
                                     36 ;--------------------------------------------------------
                                     37 ;--------------------------------------------------------
                                     38 ; Stack segment in internal ram 
                                     39 ;--------------------------------------------------------
                                     40 	.area	SSEG
      000000                         41 __start__stack:
      000000                         42 	.ds	1
                                     43 
                                     44 ;--------------------------------------------------------
                                     45 ; indirectly addressable internal ram data
                                     46 ;--------------------------------------------------------
                                     47 	.area ISEG    (DATA)
                                     48 ;--------------------------------------------------------
                                     49 ; absolute internal ram data
                                     50 ;--------------------------------------------------------
                                     51 	.area IABS    (ABS,DATA)
                                     52 	.area IABS    (ABS,DATA)
                                     53 ;--------------------------------------------------------
                                     54 ; bit data
                                     55 ;--------------------------------------------------------
                                     56 	.area BSEG    (BIT)
                                     57 ;--------------------------------------------------------
                                     58 ; paged external ram data
                                     59 ;--------------------------------------------------------
                                     60 	.area PSEG    (PAG,XDATA)
                                     61 ;--------------------------------------------------------
                                     62 ; external ram data
                                     63 ;--------------------------------------------------------
                                     64 	.area XSEG    (XDATA)
                                     65 ;--------------------------------------------------------
                                     66 ; absolute external ram data
                                     67 ;--------------------------------------------------------
                                     68 	.area XABS    (ABS,XDATA)
                                     69 ;--------------------------------------------------------
                                     70 ; external initialized ram data
                                     71 ;--------------------------------------------------------
                                     72 	.area XISEG   (XDATA)
                                     73 	.area HOME    (CODE)
                                     74 	.area GSINIT0 (CODE)
                                     75 	.area GSINIT1 (CODE)
                                     76 	.area GSINIT2 (CODE)
                                     77 	.area GSINIT3 (CODE)
                                     78 	.area GSINIT4 (CODE)
                                     79 	.area GSINIT5 (CODE)
                                     80 	.area GSINIT  (CODE)
                                     81 	.area GSFINAL (CODE)
                                     82 	.area CSEG    (CODE)
                                     83 ;--------------------------------------------------------
                                     84 ; interrupt vector 
                                     85 ;--------------------------------------------------------
                                     86 	.area HOME    (CODE)
      000000                         87 __interrupt_vect:
      000000 02r00r00         [24]   88 	ljmp	__sdcc_gsinit_startup
                                     89 ;--------------------------------------------------------
                                     90 ; global & static initialisations
                                     91 ;--------------------------------------------------------
                                     92 	.area HOME    (CODE)
                                     93 	.area GSINIT  (CODE)
                                     94 	.area GSFINAL (CODE)
                                     95 	.area GSINIT  (CODE)
                                     96 	.globl __sdcc_gsinit_startup
                                     97 	.globl __sdcc_program_startup
                                     98 	.globl __start__stack
                                     99 	.globl __mcs51_genXINIT
                                    100 	.globl __mcs51_genXRAMCLEAR
                                    101 	.globl __mcs51_genRAMCLEAR
                                    102 	.area GSFINAL (CODE)
      000000 02r00r03         [24]  103 	ljmp	__sdcc_program_startup
                                    104 ;--------------------------------------------------------
                                    105 ; Home
                                    106 ;--------------------------------------------------------
                                    107 	.area HOME    (CODE)
                                    108 	.area HOME    (CODE)
      000003                        109 __sdcc_program_startup:
      000003 02r00r00         [24]  110 	ljmp	_main
                                    111 ;	return from main will return to caller
                                    112 ;--------------------------------------------------------
                                    113 ; code
                                    114 ;--------------------------------------------------------
                                    115 	.area CSEG    (CODE)
                                    116 ;------------------------------------------------------------
                                    117 ;Allocation info for local variables in function 'main'
                                    118 ;------------------------------------------------------------
                           000000   119 	G$main$0$0 ==.
                           000000   120 	C$main.c$7$0$0 ==.
                                    121 ;	main.c:7: int main()
                                    122 ;	-----------------------------------------
                                    123 ;	 function main
                                    124 ;	-----------------------------------------
      000000                        125 _main:
                           000007   126 	ar7 = 0x07
                           000006   127 	ar6 = 0x06
                           000005   128 	ar5 = 0x05
                           000004   129 	ar4 = 0x04
                           000003   130 	ar3 = 0x03
                           000002   131 	ar2 = 0x02
                           000001   132 	ar1 = 0x01
                           000000   133 	ar0 = 0x00
                           000000   134 	C$main.c$9$1$36 ==.
                                    135 ;	main.c:9: GPIO_Init_Port_pin(PORT_B , 0 , OUT ) ;
      000000 75*00 00         [24]  136 	mov	_GPIO_Init_Port_pin_PARM_2,#0x00
      000003 75*00 00         [24]  137 	mov	_GPIO_Init_Port_pin_PARM_3,#0x00
      000006 75 82 06         [24]  138 	mov	dpl,#0x06
      000009 12r00r00         [24]  139 	lcall	_GPIO_Init_Port_pin
                           00000C   140 	C$main.c$11$1$36 ==.
                                    141 ;	main.c:11: while(1){
      00000C                        142 00102$:
                           00000C   143 	C$main.c$12$2$37 ==.
                                    144 ;	main.c:12: GPIO_Set_Port_pin(PORT_B , 0 , 1 );
      00000C 75*00 00         [24]  145 	mov	_GPIO_Set_Port_pin_PARM_2,#0x00
      00000F 75*00 01         [24]  146 	mov	_GPIO_Set_Port_pin_PARM_3,#0x01
      000012 75 82 06         [24]  147 	mov	dpl,#0x06
      000015 12r00r00         [24]  148 	lcall	_GPIO_Set_Port_pin
                           000018   149 	C$main.c$14$1$36 ==.
                                    150 ;	main.c:14: return 0;
      000018 80 F2            [24]  151 	sjmp	00102$
                           00001A   152 	C$main.c$15$1$36 ==.
                           00001A   153 	XG$main$0$0 ==.
      00001A 22               [24]  154 	ret
                                    155 	.area CSEG    (CODE)
                                    156 	.area CONST   (CODE)
                                    157 	.area XINIT   (CODE)
                                    158 	.area CABS    (ABS,CODE)
