gplink-1.4.0 #1106 (Oct  6 2014)
Copyright (c) 1998-2014 gputils project
Listing File Generated: 6-30-2020  16:56:50
 
 
Address  Value    Disassembly              Source
-------  -----    -----------              ------
                                           ;--------------------------------------------------------
                                           ; File Created by SDCC : free open source ANSI-C Compiler
                                           ; Version 3.5.0 #9253 (Jun 20 2015) (MINGW32)
                                           ; This file was generated Tue Jun 30 16:56:49 2020
                                           ;--------------------------------------------------------
                                           ; PIC port for the 14-bit core
                                           ;--------------------------------------------------------
                                           ;	.file	"GPIO.c"
                                           	list	p=16f877a
                                           	radix dec
                                           	include "p16f877a.inc"
                                                   LIST
                                           
                                           ;==========================================================================
                                           ; Build date : Aug 07 2014
                                           ;  MPASM PIC16F877A processor include
                                           ; 
                                           ;  (c) Copyright 1999-2014 Microchip Technology, All rights reserved
                                           ;==========================================================================
                                           
                                                   NOLIST
                                           ;--------------------------------------------------------
                                           ; external declarations
                                           ;--------------------------------------------------------
                                           	extern	__gptrget1
                                           	extern	__gptrput1
                                           
                                           	extern PSAVE
                                           	extern SSAVE
                                           	extern WSAVE
                                           	extern STK12
                                           	extern STK11
                                           	extern STK10
                                           	extern STK09
                                           	extern STK08
                                           	extern STK07
                                           	extern STK06
                                           	extern STK05
                                           	extern STK04
                                           	extern STK03
                                           	extern STK02
                                           	extern STK01
                                           	extern STK00
                                           ;--------------------------------------------------------
                                           ; global declarations
                                           ;--------------------------------------------------------
                                           	global	_GPIO_Get_Port
                                           	global	_GPIO_Get_Port_Pin
                                           	global	_GPIO_Set_Port
                                           	global	_GPIO_Init_Port
                                           	global	_GPIO_Set_Port_pin
                                           	global	_GPIO_Init_Port_pin
                                           
                                           ;--------------------------------------------------------
                                           ; global definitions
                                           ;--------------------------------------------------------
                                           ;--------------------------------------------------------
                                           ; absolute symbol definitions
                                           ;--------------------------------------------------------
                                           ;--------------------------------------------------------
                                           ; compiler-defined variables
                                           ;--------------------------------------------------------
                                           UDL_GPIO_0	udata
                                           r0x101E	res	1
                                           r0x101F	res	1
                                           r0x1020	res	1
                                           r0x1021	res	1
                                           r0x1022	res	1
                                           r0x1023	res	1
                                           r0x1024	res	1
                                           r0x1025	res	1
                                           r0x1017	res	1
                                           r0x1018	res	1
                                           r0x1019	res	1
                                           r0x101A	res	1
                                           r0x101C	res	1
                                           r0x101B	res	1
                                           r0x101D	res	1
                                           r0x1011	res	1
                                           r0x1012	res	1
                                           r0x1013	res	1
                                           r0x1014	res	1
                                           r0x1015	res	1
                                           r0x1016	res	1
                                           r0x100E	res	1
                                           r0x1004	res	1
                                           r0x1005	res	1
                                           r0x1006	res	1
                                           r0x1008	res	1
                                           r0x1009	res	1
                                           r0x100A	res	1
                                           r0x1000	res	1
                                           ;--------------------------------------------------------
                                           ; initialized data
                                           ;--------------------------------------------------------
                                           ;--------------------------------------------------------
                                           ; overlayable items in internal ram 
                                           ;--------------------------------------------------------
                                           ;	udata_ovr
                                           ;--------------------------------------------------------
                                           ; code
                                           ;--------------------------------------------------------
                                           code_GPIO	code
                                           ;***
                                           ;  pBlock Stats: dbName = C
                                           ;***
                                           ;entry:  _GPIO_Get_Port	;Function start
                                           ; 2 exit points
                                           ;has an exit
                                           ;functions called:
                                           ;   __gptrget1
                                           ;   __gptrget1
                                           ;6 compiler assigned registers:
                                           ;   r0x1000
                                           ;   r0x1001
                                           ;   r0x1002
                                           ;   STK01
                                           ;   r0x1003
                                           ;   STK00
                                           ;; Starting pCode block
                                           _GPIO_Get_Port	;Function start
                                           ; 2 exit points
                                           ;	.line	40; "GPIO.c"	unsigned char GPIO_Get_Port(tPort Port)
000004   1283     bcf     0x03, 0x5        	BANKSEL	r0x1000
000005   1303     bcf     0x03, 0x6        
000006   00bc     movwf   0x3c             	MOVWF	r0x1000
                                           ;;1	MOVWF	r0x1001
                                           ;	.line	44; "GPIO.c"	return *temp ;
000007   00fe     movwf   0x7e             	MOVWF	STK01
                                           ;;1	MOVF	r0x1003,W
000008   00ff     movwf   0x7f             	MOVWF	STK00
000009   3000     movlw   0x00             	MOVLW	0x00
00000a   118a     bcf     0x0a, 0x3        	PAGESEL	__gptrget1
00000b   120a     bcf     0x0a, 0x4        
00000c   21d0     call    0x01d0           	CALL	__gptrget1
00000d   118a     bcf     0x0a, 0x3        	PAGESEL	$
00000e   120a     bcf     0x0a, 0x4        
00000f   1283     bcf     0x03, 0x5        	BANKSEL	r0x1000
000010   1303     bcf     0x03, 0x6        
000011   00bc     movwf   0x3c             	MOVWF	r0x1000
000012   0008     return                   	RETURN	
                                           ; exit point of _GPIO_Get_Port
                                           
                                           ;***
                                           ;  pBlock Stats: dbName = C
                                           ;***
                                           ;entry:  _GPIO_Get_Port_Pin	;Function start
                                           ; 2 exit points
                                           ;has an exit
                                           ;functions called:
                                           ;   __gptrget1
                                           ;   __gptrget1
                                           ;10 compiler assigned registers:
                                           ;   r0x1004
                                           ;   STK00
                                           ;   r0x1005
                                           ;   r0x1006
                                           ;   r0x1007
                                           ;   STK01
                                           ;   r0x1008
                                           ;   r0x1009
                                           ;   r0x100A
                                           ;   r0x100B
                                           ;; Starting pCode block
                                           _GPIO_Get_Port_Pin	;Function start
                                           ; 2 exit points
                                           ;	.line	35; "GPIO.c"	unsigned char GPIO_Get_Port_Pin(tPort Port , unsigned char pin )
000013   1283     bcf     0x03, 0x5        	BANKSEL	r0x1004
000014   1303     bcf     0x03, 0x6        
000015   00b6     movwf   0x36             	MOVWF	r0x1004
000016   087f     movf    0x7f, 0x0        	MOVF	STK00,W
000017   00b7     movwf   0x37             	MOVWF	r0x1005
                                           ;;107	MOVF	r0x1004,W
                                           ;;1	CLRF	r0x1007
                                           ;;106	MOVF	r0x1006,W
                                           ;	.line	37; "GPIO.c"	return REG_GET_BIT(Port,pin) ;
000018   0836     movf    0x36, 0x0        	MOVF	r0x1004,W
000019   00b8     movwf   0x38             	MOVWF	r0x1006
00001a   00fe     movwf   0x7e             	MOVWF	STK01
00001b   0839     movf    0x39, 0x0        	MOVF	r0x1008,W
00001c   00ff     movwf   0x7f             	MOVWF	STK00
00001d   3000     movlw   0x00             	MOVLW	0x00
00001e   118a     bcf     0x0a, 0x3        	PAGESEL	__gptrget1
00001f   120a     bcf     0x0a, 0x4        
000020   21d0     call    0x01d0           	CALL	__gptrget1
000021   118a     bcf     0x0a, 0x3        	PAGESEL	$
000022   120a     bcf     0x0a, 0x4        
000023   1283     bcf     0x03, 0x5        	BANKSEL	r0x1004
000024   1303     bcf     0x03, 0x6        
000025   00b6     movwf   0x36             	MOVWF	r0x1004
000026   3000     movlw   0x00             	MOVLW	0x00
000027   00b9     movwf   0x39             	MOVWF	r0x1008
000028   3001     movlw   0x01             	MOVLW	0x01
000029   00b8     movwf   0x38             	MOVWF	r0x1006
00002a   0837     movf    0x37, 0x0        	MOVF	r0x1005,W
00002b   3c00     sublw   0x00             	SUBLW	0x00
00002c   1903     btfsc   0x03, 0x2        	BTFSC	STATUS,2
00002d   2835     goto    0x0035           	GOTO	_00142_DS_
                                           _00141_DS_
00002e   1283     bcf     0x03, 0x5        	BANKSEL	r0x1006
00002f   1303     bcf     0x03, 0x6        
000030   0db8     rlf     0x38, 0x1        	RLF	r0x1006,F
000031   0db9     rlf     0x39, 0x1        	RLF	r0x1008,F
000032   3e01     addlw   0x01             	ADDLW	0x01
000033   1c03     btfss   0x03, 0x0        	BTFSS	STATUS,0
000034   282e     goto    0x002e           	GOTO	_00141_DS_
                                           _00142_DS_
000035   1283     bcf     0x03, 0x5        	BANKSEL	r0x1004
000036   1303     bcf     0x03, 0x6        
000037   0836     movf    0x36, 0x0        	MOVF	r0x1004,W
000038   00ba     movwf   0x3a             	MOVWF	r0x1009
000039   01bb     clrf    0x3b             	CLRF	r0x100A
00003a   0838     movf    0x38, 0x0        	MOVF	r0x1006,W
00003b   053a     andwf   0x3a, 0x0        	ANDWF	r0x1009,W
00003c   00b8     movwf   0x38             	MOVWF	r0x1006
00003d   00b6     movwf   0x36             	MOVWF	r0x1004
00003e   0839     movf    0x39, 0x0        	MOVF	r0x1008,W
00003f   053b     andwf   0x3b, 0x0        	ANDWF	r0x100A,W
                                           ;;1	MOVWF	r0x100B
000040   00b9     movwf   0x39             	MOVWF	r0x1008
                                           ;;105	MOVF	r0x1004,W
000041   0837     movf    0x37, 0x0        	MOVF	r0x1005,W
000042   3c00     sublw   0x00             	SUBLW	0x00
000043   1903     btfsc   0x03, 0x2        	BTFSC	STATUS,2
000044   284f     goto    0x004f           	GOTO	_00144_DS_
                                           _00143_DS_
000045   1003     bcf     0x03, 0x0        	BCF	STATUS,0
000046   1283     bcf     0x03, 0x5        	BANKSEL	r0x1008
000047   1303     bcf     0x03, 0x6        
000048   1bb9     btfsc   0x39, 0x7        	BTFSC	r0x1008,7
000049   1403     bsf     0x03, 0x0        	BSF	STATUS,0
00004a   0cb9     rrf     0x39, 0x1        	RRF	r0x1008,F
00004b   0cb8     rrf     0x38, 0x1        	RRF	r0x1006,F
00004c   3e01     addlw   0x01             	ADDLW	0x01
00004d   1c03     btfss   0x03, 0x0        	BTFSS	STATUS,0
00004e   2845     goto    0x0045           	GOTO	_00143_DS_
                                           _00144_DS_
00004f   1283     bcf     0x03, 0x5        	BANKSEL	r0x1006
000050   1303     bcf     0x03, 0x6        
000051   0838     movf    0x38, 0x0        	MOVF	r0x1006,W
000052   00b7     movwf   0x37             	MOVWF	r0x1005
000053   0008     return                   	RETURN	
                                           ; exit point of _GPIO_Get_Port_Pin
                                           
                                           ;***
                                           ;  pBlock Stats: dbName = C
                                           ;***
                                           ;entry:  _GPIO_Set_Port	;Function start
                                           ; 2 exit points
                                           ;has an exit
                                           ;functions called:
                                           ;   __gptrput1
                                           ;   __gptrput1
                                           ;8 compiler assigned registers:
                                           ;   r0x100C
                                           ;   STK00
                                           ;   r0x100D
                                           ;   r0x100E
                                           ;   r0x100F
                                           ;   STK02
                                           ;   STK01
                                           ;   r0x1010
                                           ;; Starting pCode block
                                           _GPIO_Set_Port	;Function start
                                           ; 2 exit points
000054   1283     bcf     0x03, 0x5        	BANKSEL	r0x100E
000055   1303     bcf     0x03, 0x6        
000056   00b5     movwf   0x35             	MOVWF	r0x100E
                                           ;;1	MOVWF	r0x100C
                                           ;	.line	29; "GPIO.c"	void GPIO_Set_Port(tPort Port , unsigned char data)
000057   087f     movf    0x7f, 0x0        	MOVF	STK00,W
                                           ;;1	MOVWF	r0x100D
                                           ;	.line	32; "GPIO.c"	*temp = data ;
000058   00fd     movwf   0x7d             	MOVWF	STK02
000059   0835     movf    0x35, 0x0        	MOVF	r0x100E,W
00005a   00fe     movwf   0x7e             	MOVWF	STK01
                                           ;;1	MOVF	r0x1010,W
00005b   00ff     movwf   0x7f             	MOVWF	STK00
00005c   3000     movlw   0x00             	MOVLW	0x00
00005d   118a     bcf     0x0a, 0x3        	PAGESEL	__gptrput1
00005e   120a     bcf     0x0a, 0x4        
00005f   21c4     call    0x01c4           	CALL	__gptrput1
000060   118a     bcf     0x0a, 0x3        	PAGESEL	$
000061   120a     bcf     0x0a, 0x4        
000062   0008     return                   	RETURN	
                                           ; exit point of _GPIO_Set_Port
                                           
                                           ;***
                                           ;  pBlock Stats: dbName = C
                                           ;***
                                           ;entry:  _GPIO_Init_Port	;Function start
                                           ; 2 exit points
                                           ;has an exit
                                           ;functions called:
                                           ;   __gptrput1
                                           ;   __gptrput1
                                           ;   __gptrput1
                                           ;   __gptrput1
                                           ;9 compiler assigned registers:
                                           ;   r0x1011
                                           ;   STK00
                                           ;   r0x1012
                                           ;   r0x1013
                                           ;   r0x1014
                                           ;   r0x1015
                                           ;   r0x1016
                                           ;   STK02
                                           ;   STK01
                                           ;; Starting pCode block
                                           _GPIO_Init_Port	;Function start
                                           ; 2 exit points
000063   1283     bcf     0x03, 0x5        	BANKSEL	r0x1013
000064   1303     bcf     0x03, 0x6        
000065   00b1     movwf   0x31             	MOVWF	r0x1013
                                           ;	.line	17; "GPIO.c"	void GPIO_Init_Port(tPort Port , tPortDir direction )
000066   00af     movwf   0x2f             	MOVWF	r0x1011
000067   087f     movf    0x7f, 0x0        	MOVF	STK00,W
000068   00b0     movwf   0x30             	MOVWF	r0x1012
                                           ;;109	MOVF	r0x1011,W
                                           ;	.line	19; "GPIO.c"	volatile unsigned char * temp = (unsigned char*)(Port + Direction_REG_OFFSIT);
000069   01b2     clrf    0x32             	CLRF	r0x1014
00006a   3080     movlw   0x80             	MOVLW	0x80
00006b   0731     addwf   0x31, 0x0        	ADDWF	r0x1013,W
00006c   00b1     movwf   0x31             	MOVWF	r0x1013
00006d   00af     movwf   0x2f             	MOVWF	r0x1011
00006e   01b3     clrf    0x33             	CLRF	r0x1015
00006f   0db3     rlf     0x33, 0x1        	RLF	r0x1015,F
000070   3000     movlw   0x00             	MOVLW	0x00
000071   07b3     addwf   0x33, 0x1        	ADDWF	r0x1015,F
000072   0833     movf    0x33, 0x0        	MOVF	r0x1015,W
000073   00b2     movwf   0x32             	MOVWF	r0x1014
                                           ;;104	MOVF	r0x1011,W
000074   01b4     clrf    0x34             	CLRF	r0x1016
                                           ;	.line	20; "GPIO.c"	if(direction == OUT){
000075   0830     movf    0x30, 0x0        	MOVF	r0x1012,W
000076   1d03     btfss   0x03, 0x2        	BTFSS	STATUS,2
000077   2885     goto    0x0085           	GOTO	_00128_DS_
                                           ;	.line	21; "GPIO.c"	*temp = 0b00000000 ;
000078   3000     movlw   0x00             	MOVLW	0x00
000079   00fd     movwf   0x7d             	MOVWF	STK02
00007a   0831     movf    0x31, 0x0        	MOVF	r0x1013,W
00007b   00fe     movwf   0x7e             	MOVWF	STK01
00007c   0832     movf    0x32, 0x0        	MOVF	r0x1014,W
00007d   00ff     movwf   0x7f             	MOVWF	STK00
00007e   0834     movf    0x34, 0x0        	MOVF	r0x1016,W
00007f   118a     bcf     0x0a, 0x3        	PAGESEL	__gptrput1
000080   120a     bcf     0x0a, 0x4        
000081   21c4     call    0x01c4           	CALL	__gptrput1
000082   118a     bcf     0x0a, 0x3        	PAGESEL	$
000083   120a     bcf     0x0a, 0x4        
000084   2897     goto    0x0097           	GOTO	_00130_DS_
                                           _00128_DS_
                                           ;	.line	23; "GPIO.c"	}else if(direction == IN ){
000085   1283     bcf     0x03, 0x5        	BANKSEL	r0x1012
000086   1303     bcf     0x03, 0x6        
000087   0830     movf    0x30, 0x0        	MOVF	r0x1012,W
000088   3a01     xorlw   0x01             	XORLW	0x01
000089   1d03     btfss   0x03, 0x2        	BTFSS	STATUS,2
00008a   2897     goto    0x0097           	GOTO	_00130_DS_
                                           ;	.line	24; "GPIO.c"	*temp = 0b11111111 ;
00008b   30ff     movlw   0xff             	MOVLW	0xff
00008c   00fd     movwf   0x7d             	MOVWF	STK02
00008d   0831     movf    0x31, 0x0        	MOVF	r0x1013,W
00008e   00fe     movwf   0x7e             	MOVWF	STK01
00008f   0832     movf    0x32, 0x0        	MOVF	r0x1014,W
000090   00ff     movwf   0x7f             	MOVWF	STK00
000091   0834     movf    0x34, 0x0        	MOVF	r0x1016,W
000092   118a     bcf     0x0a, 0x3        	PAGESEL	__gptrput1
000093   120a     bcf     0x0a, 0x4        
000094   21c4     call    0x01c4           	CALL	__gptrput1
000095   118a     bcf     0x0a, 0x3        	PAGESEL	$
000096   120a     bcf     0x0a, 0x4        
                                           _00130_DS_
000097   0008     return                   	RETURN	
                                           ; exit point of _GPIO_Init_Port
                                           
                                           ;***
                                           ;  pBlock Stats: dbName = C
                                           ;***
                                           ;entry:  _GPIO_Set_Port_pin	;Function start
                                           ; 2 exit points
                                           ;has an exit
                                           ;functions called:
                                           ;   __gptrget1
                                           ;   __gptrput1
                                           ;   __gptrget1
                                           ;   __gptrput1
                                           ;10 compiler assigned registers:
                                           ;   r0x1017
                                           ;   STK00
                                           ;   r0x1018
                                           ;   STK01
                                           ;   r0x1019
                                           ;   r0x101A
                                           ;   r0x101B
                                           ;   r0x101C
                                           ;   r0x101D
                                           ;   STK02
                                           ;; Starting pCode block
                                           _GPIO_Set_Port_pin	;Function start
                                           ; 2 exit points
000098   1283     bcf     0x03, 0x5        	BANKSEL	r0x101A
000099   1303     bcf     0x03, 0x6        
00009a   00ab     movwf   0x2b             	MOVWF	r0x101A
                                           ;	.line	11; "GPIO.c"	void GPIO_Set_Port_pin(tPort Port , unsigned char pin , unsigned char data)
00009b   00a8     movwf   0x28             	MOVWF	r0x1017
00009c   087f     movf    0x7f, 0x0        	MOVF	STK00,W
00009d   00a9     movwf   0x29             	MOVWF	r0x1018
00009e   087e     movf    0x7e, 0x0        	MOVF	STK01,W
00009f   00aa     movwf   0x2a             	MOVWF	r0x1019
                                           ;;103	MOVF	r0x1017,W
                                           ;	.line	13; "GPIO.c"	REG_SET_BIT(Port, pin ,data);
0000a0   01ad     clrf    0x2d             	CLRF	r0x101B
0000a1   082b     movf    0x2b, 0x0        	MOVF	r0x101A,W
0000a2   00fe     movwf   0x7e             	MOVWF	STK01
0000a3   082c     movf    0x2c, 0x0        	MOVF	r0x101C,W
0000a4   00ff     movwf   0x7f             	MOVWF	STK00
0000a5   3000     movlw   0x00             	MOVLW	0x00
0000a6   118a     bcf     0x0a, 0x3        	PAGESEL	__gptrget1
0000a7   120a     bcf     0x0a, 0x4        
0000a8   21d0     call    0x01d0           	CALL	__gptrget1
0000a9   118a     bcf     0x0a, 0x3        	PAGESEL	$
0000aa   120a     bcf     0x0a, 0x4        
0000ab   1283     bcf     0x03, 0x5        	BANKSEL	r0x1017
0000ac   1303     bcf     0x03, 0x6        
0000ad   00a8     movwf   0x28             	MOVWF	r0x1017
0000ae   3001     movlw   0x01             	MOVLW	0x01
0000af   00ae     movwf   0x2e             	MOVWF	r0x101D
0000b0   0829     movf    0x29, 0x0        	MOVF	r0x1018,W
0000b1   3c00     sublw   0x00             	SUBLW	0x00
0000b2   1903     btfsc   0x03, 0x2        	BTFSC	STATUS,2
0000b3   28ba     goto    0x00ba           	GOTO	_00118_DS_
                                           _00117_DS_
0000b4   1283     bcf     0x03, 0x5        	BANKSEL	r0x101D
0000b5   1303     bcf     0x03, 0x6        
0000b6   0dae     rlf     0x2e, 0x1        	RLF	r0x101D,F
0000b7   3e01     addlw   0x01             	ADDLW	0x01
0000b8   1c03     btfss   0x03, 0x0        	BTFSS	STATUS,0
0000b9   28b4     goto    0x00b4           	GOTO	_00117_DS_
                                           _00118_DS_
0000ba   1283     bcf     0x03, 0x5        	BANKSEL	r0x101D
0000bb   1303     bcf     0x03, 0x6        
0000bc   09ae     comf    0x2e, 0x1        	COMF	r0x101D,F
0000bd   05a8     andwf   0x28, 0x1        	ANDWF	r0x1017,F
0000be   082a     movf    0x2a, 0x0        	MOVF	r0x1019,W
0000bf   00ae     movwf   0x2e             	MOVWF	r0x101D
0000c0   0829     movf    0x29, 0x0        	MOVF	r0x1018,W
0000c1   3c00     sublw   0x00             	SUBLW	0x00
0000c2   1903     btfsc   0x03, 0x2        	BTFSC	STATUS,2
0000c3   28ca     goto    0x00ca           	GOTO	_00120_DS_
                                           _00119_DS_
0000c4   1283     bcf     0x03, 0x5        	BANKSEL	r0x101D
0000c5   1303     bcf     0x03, 0x6        
0000c6   0dae     rlf     0x2e, 0x1        	RLF	r0x101D,F
0000c7   3e01     addlw   0x01             	ADDLW	0x01
0000c8   1c03     btfss   0x03, 0x0        	BTFSS	STATUS,0
0000c9   28c4     goto    0x00c4           	GOTO	_00119_DS_
                                           _00120_DS_
0000ca   1283     bcf     0x03, 0x5        	BANKSEL	r0x101D
0000cb   1303     bcf     0x03, 0x6        
0000cc   082e     movf    0x2e, 0x0        	MOVF	r0x101D,W
0000cd   0428     iorwf   0x28, 0x0        	IORWF	r0x1017,W
0000ce   00a9     movwf   0x29             	MOVWF	r0x1018
0000cf   00fd     movwf   0x7d             	MOVWF	STK02
0000d0   082b     movf    0x2b, 0x0        	MOVF	r0x101A,W
0000d1   00fe     movwf   0x7e             	MOVWF	STK01
0000d2   082c     movf    0x2c, 0x0        	MOVF	r0x101C,W
0000d3   00ff     movwf   0x7f             	MOVWF	STK00
0000d4   082d     movf    0x2d, 0x0        	MOVF	r0x101B,W
0000d5   118a     bcf     0x0a, 0x3        	PAGESEL	__gptrput1
0000d6   120a     bcf     0x0a, 0x4        
0000d7   21c4     call    0x01c4           	CALL	__gptrput1
0000d8   118a     bcf     0x0a, 0x3        	PAGESEL	$
0000d9   120a     bcf     0x0a, 0x4        
0000da   0008     return                   	RETURN	
                                           ; exit point of _GPIO_Set_Port_pin
                                           
                                           ;***
                                           ;  pBlock Stats: dbName = C
                                           ;***
                                           ;entry:  _GPIO_Init_Port_pin	;Function start
                                           ; 2 exit points
                                           ;has an exit
                                           ;functions called:
                                           ;   __gptrget1
                                           ;   __gptrput1
                                           ;   __gptrget1
                                           ;   __gptrput1
                                           ;11 compiler assigned registers:
                                           ;   r0x101E
                                           ;   STK00
                                           ;   r0x101F
                                           ;   STK01
                                           ;   r0x1020
                                           ;   r0x1021
                                           ;   r0x1022
                                           ;   r0x1023
                                           ;   r0x1024
                                           ;   r0x1025
                                           ;   STK02
                                           ;; Starting pCode block
                                           _GPIO_Init_Port_pin	;Function start
                                           ; 2 exit points
0000db   1283     bcf     0x03, 0x5        	BANKSEL	r0x1021
0000dc   1303     bcf     0x03, 0x6        
0000dd   00a3     movwf   0x23             	MOVWF	r0x1021
                                           ;	.line	5; "GPIO.c"	void GPIO_Init_Port_pin(tPort Port , unsigned char pin , tPortDir direction )
0000de   00a0     movwf   0x20             	MOVWF	r0x101E
0000df   087f     movf    0x7f, 0x0        	MOVF	STK00,W
0000e0   00a1     movwf   0x21             	MOVWF	r0x101F
0000e1   087e     movf    0x7e, 0x0        	MOVF	STK01,W
0000e2   00a2     movwf   0x22             	MOVWF	r0x1020
                                           ;;108	MOVF	r0x101E,W
                                           ;	.line	7; "GPIO.c"	REG_SET_BIT( (Port + Direction_REG_OFFSIT),pin , direction) ;
0000e3   01a4     clrf    0x24             	CLRF	r0x1022
0000e4   3080     movlw   0x80             	MOVLW	0x80
0000e5   0723     addwf   0x23, 0x0        	ADDWF	r0x1021,W
0000e6   00a3     movwf   0x23             	MOVWF	r0x1021
0000e7   00a0     movwf   0x20             	MOVWF	r0x101E
0000e8   01a5     clrf    0x25             	CLRF	r0x1023
0000e9   0da5     rlf     0x25, 0x1        	RLF	r0x1023,F
0000ea   3000     movlw   0x00             	MOVLW	0x00
0000eb   07a5     addwf   0x25, 0x1        	ADDWF	r0x1023,F
                                           ;;102	MOVF	r0x1023,W
                                           ;;100	MOVF	r0x101E,W
0000ec   01a6     clrf    0x26             	CLRF	r0x1024
0000ed   0823     movf    0x23, 0x0        	MOVF	r0x1021,W
0000ee   00fe     movwf   0x7e             	MOVWF	STK01
                                           ;;101	MOVF	r0x1022,W
0000ef   0825     movf    0x25, 0x0        	MOVF	r0x1023,W
0000f0   00a4     movwf   0x24             	MOVWF	r0x1022
0000f1   00ff     movwf   0x7f             	MOVWF	STK00
0000f2   3000     movlw   0x00             	MOVLW	0x00
0000f3   118a     bcf     0x0a, 0x3        	PAGESEL	__gptrget1
0000f4   120a     bcf     0x0a, 0x4        
0000f5   21d0     call    0x01d0           	CALL	__gptrget1
0000f6   118a     bcf     0x0a, 0x3        	PAGESEL	$
0000f7   120a     bcf     0x0a, 0x4        
0000f8   1283     bcf     0x03, 0x5        	BANKSEL	r0x101E
0000f9   1303     bcf     0x03, 0x6        
0000fa   00a0     movwf   0x20             	MOVWF	r0x101E
0000fb   3001     movlw   0x01             	MOVLW	0x01
0000fc   00a7     movwf   0x27             	MOVWF	r0x1025
0000fd   0821     movf    0x21, 0x0        	MOVF	r0x101F,W
0000fe   3c00     sublw   0x00             	SUBLW	0x00
0000ff   1903     btfsc   0x03, 0x2        	BTFSC	STATUS,2
000100   2907     goto    0x0107           	GOTO	_00108_DS_
                                           _00107_DS_
000101   1283     bcf     0x03, 0x5        	BANKSEL	r0x1025
000102   1303     bcf     0x03, 0x6        
000103   0da7     rlf     0x27, 0x1        	RLF	r0x1025,F
000104   3e01     addlw   0x01             	ADDLW	0x01
000105   1c03     btfss   0x03, 0x0        	BTFSS	STATUS,0
000106   2901     goto    0x0101           	GOTO	_00107_DS_
                                           _00108_DS_
000107   1283     bcf     0x03, 0x5        	BANKSEL	r0x1025
000108   1303     bcf     0x03, 0x6        
000109   09a7     comf    0x27, 0x1        	COMF	r0x1025,F
00010a   05a0     andwf   0x20, 0x1        	ANDWF	r0x101E,F
00010b   0822     movf    0x22, 0x0        	MOVF	r0x1020,W
00010c   00a7     movwf   0x27             	MOVWF	r0x1025
00010d   0821     movf    0x21, 0x0        	MOVF	r0x101F,W
00010e   3c00     sublw   0x00             	SUBLW	0x00
00010f   1903     btfsc   0x03, 0x2        	BTFSC	STATUS,2
000110   2917     goto    0x0117           	GOTO	_00110_DS_
                                           _00109_DS_
000111   1283     bcf     0x03, 0x5        	BANKSEL	r0x1025
000112   1303     bcf     0x03, 0x6        
000113   0da7     rlf     0x27, 0x1        	RLF	r0x1025,F
000114   3e01     addlw   0x01             	ADDLW	0x01
000115   1c03     btfss   0x03, 0x0        	BTFSS	STATUS,0
000116   2911     goto    0x0111           	GOTO	_00109_DS_
                                           _00110_DS_
000117   1283     bcf     0x03, 0x5        	BANKSEL	r0x1025
000118   1303     bcf     0x03, 0x6        
000119   0827     movf    0x27, 0x0        	MOVF	r0x1025,W
00011a   0420     iorwf   0x20, 0x0        	IORWF	r0x101E,W
00011b   00a1     movwf   0x21             	MOVWF	r0x101F
00011c   00fd     movwf   0x7d             	MOVWF	STK02
00011d   0823     movf    0x23, 0x0        	MOVF	r0x1021,W
00011e   00fe     movwf   0x7e             	MOVWF	STK01
00011f   0824     movf    0x24, 0x0        	MOVF	r0x1022,W
000120   00ff     movwf   0x7f             	MOVWF	STK00
000121   0826     movf    0x26, 0x0        	MOVF	r0x1024,W
000122   118a     bcf     0x0a, 0x3        	PAGESEL	__gptrput1
000123   120a     bcf     0x0a, 0x4        
000124   21c4     call    0x01c4           	CALL	__gptrput1
000125   118a     bcf     0x0a, 0x3        	PAGESEL	$
000126   120a     bcf     0x0a, 0x4        
000127   0008     return                   	RETURN	
                                           ; exit point of _GPIO_Init_Port_pin
                                           
                                           
                                           ;	code size estimation:
                                           ;	  210+   41 =   251 instructions (  584 byte)
                                           
                                           	end
                                           ;--------------------------------------------------------
                                           ; File Created by SDCC : free open source ANSI-C Compiler
                                           ; Version 3.5.0 #9253 (Jun 20 2015) (MINGW32)
                                           ; This file was generated Tue Jun 30 16:56:50 2020
                                           ;--------------------------------------------------------
                                           ; PIC port for the 14-bit core
                                           ;--------------------------------------------------------
                                           ;	.file	"main.c"
                                           	list	p=16f877a
                                           	radix dec
                                           	include "p16f877a.inc"
                                                   LIST
                                           
                                           ;==========================================================================
                                           ; Build date : Aug 07 2014
                                           ;  MPASM PIC16F877A processor include
                                           ; 
                                           ;  (c) Copyright 1999-2014 Microchip Technology, All rights reserved
                                           ;==========================================================================
                                           
                                                   NOLIST
                                           ;--------------------------------------------------------
                                           ; config word(s)
                                           ;--------------------------------------------------------
002007   3f32     addlw   0x32             	__config 0x3f32
                                           ;--------------------------------------------------------
                                           ; external declarations
                                           ;--------------------------------------------------------
                                           	extern	__print_format
                                           	extern	_printf_small
                                           	extern	_printf
                                           	extern	_vprintf
                                           	extern	_sprintf
                                           	extern	_vsprintf
                                           	extern	_puts
                                           	extern	_gets
                                           	extern	_getchar
                                           	extern	_putchar
                                           	extern	_calloc
                                           	extern	_malloc
                                           	extern	_realloc
                                           	extern	_free
                                           	extern	_abs
                                           	extern	_labs
                                           	extern	_atof
                                           	extern	_atoi
                                           	extern	_atol
                                           	extern	__uitoa
                                           	extern	__itoa
                                           	extern	__ultoa
                                           	extern	__ltoa
                                           	extern	_rand
                                           	extern	_srand
                                           	extern	_GPIO_Init_Port_pin
                                           	extern	_GPIO_Init_Port
                                           	extern	_GPIO_Set_Port_pin
                                           	extern	_GPIO_Set_Port
                                           	extern	_GPIO_Get_Port_Pin
                                           	extern	_GPIO_Get_Port
                                           	extern	_STATUSbits
                                           	extern	_PORTAbits
                                           	extern	_PORTBbits
                                           	extern	_PORTCbits
                                           	extern	_PORTDbits
                                           	extern	_PORTEbits
                                           	extern	_INTCONbits
                                           	extern	_PIR1bits
                                           	extern	_PIR2bits
                                           	extern	_T1CONbits
                                           	extern	_T2CONbits
                                           	extern	_SSPCONbits
                                           	extern	_CCP1CONbits
                                           	extern	_RCSTAbits
                                           	extern	_CCP2CONbits
                                           	extern	_ADCON0bits
                                           	extern	_OPTION_REGbits
                                           	extern	_TRISAbits
                                           	extern	_TRISBbits
                                           	extern	_TRISCbits
                                           	extern	_TRISDbits
                                           	extern	_TRISEbits
                                           	extern	_PIE1bits
                                           	extern	_PIE2bits
                                           	extern	_PCONbits
                                           	extern	_SSPCON2bits
                                           	extern	_SSPSTATbits
                                           	extern	_TXSTAbits
                                           	extern	_CMCONbits
                                           	extern	_CVRCONbits
                                           	extern	_ADCON1bits
                                           	extern	_EECON1bits
                                           	extern	_INDF
                                           	extern	_TMR0
                                           	extern	_PCL
                                           	extern	_STATUS
                                           	extern	_FSR
                                           	extern	_PORTA
                                           	extern	_PORTB
                                           	extern	_PORTC
                                           	extern	_PORTD
                                           	extern	_PORTE
                                           	extern	_PCLATH
                                           	extern	_INTCON
                                           	extern	_PIR1
                                           	extern	_PIR2
                                           	extern	_TMR1
                                           	extern	_TMR1L
                                           	extern	_TMR1H
                                           	extern	_T1CON
                                           	extern	_TMR2
                                           	extern	_T2CON
                                           	extern	_SSPBUF
                                           	extern	_SSPCON
                                           	extern	_CCPR1
                                           	extern	_CCPR1L
                                           	extern	_CCPR1H
                                           	extern	_CCP1CON
                                           	extern	_RCSTA
                                           	extern	_TXREG
                                           	extern	_RCREG
                                           	extern	_CCPR2
                                           	extern	_CCPR2L
                                           	extern	_CCPR2H
                                           	extern	_CCP2CON
                                           	extern	_ADRESH
                                           	extern	_ADCON0
                                           	extern	_OPTION_REG
                                           	extern	_TRISA
                                           	extern	_TRISB
                                           	extern	_TRISC
                                           	extern	_TRISD
                                           	extern	_TRISE
                                           	extern	_PIE1
                                           	extern	_PIE2
                                           	extern	_PCON
                                           	extern	_SSPCON2
                                           	extern	_PR2
                                           	extern	_SSPADD
                                           	extern	_SSPSTAT
                                           	extern	_TXSTA
                                           	extern	_SPBRG
                                           	extern	_CMCON
                                           	extern	_CVRCON
                                           	extern	_ADRESL
                                           	extern	_ADCON1
                                           	extern	_EEDATA
                                           	extern	_EEADR
                                           	extern	_EEDATH
                                           	extern	_EEADRH
                                           	extern	_EECON1
                                           	extern	_EECON2
                                           	extern	__sdcc_gsinit_startup
                                           ;--------------------------------------------------------
                                           ; global declarations
                                           ;--------------------------------------------------------
                                           	global	_main
                                           
                                           	global PSAVE
                                           	global SSAVE
                                           	global WSAVE
                                           	global STK12
                                           	global STK11
                                           	global STK10
                                           	global STK09
                                           	global STK08
                                           	global STK07
                                           	global STK06
                                           	global STK05
                                           	global STK04
                                           	global STK03
                                           	global STK02
                                           	global STK01
                                           	global STK00
                                           
                                           sharebank udata_ovr 0x0070
                                           PSAVE	res 1
                                           SSAVE	res 1
                                           WSAVE	res 1
                                           STK12	res 1
                                           STK11	res 1
                                           STK10	res 1
                                           STK09	res 1
                                           STK08	res 1
                                           STK07	res 1
                                           STK06	res 1
                                           STK05	res 1
                                           STK04	res 1
                                           STK03	res 1
                                           STK02	res 1
                                           STK01	res 1
                                           STK00	res 1
                                           
                                           ;--------------------------------------------------------
                                           ; global definitions
                                           ;--------------------------------------------------------
                                           ;--------------------------------------------------------
                                           ; absolute symbol definitions
                                           ;--------------------------------------------------------
                                           ;--------------------------------------------------------
                                           ; compiler-defined variables
                                           ;--------------------------------------------------------
                                           ;--------------------------------------------------------
                                           ; initialized data
                                           ;--------------------------------------------------------
                                           ;--------------------------------------------------------
                                           ; overlayable items in internal ram 
                                           ;--------------------------------------------------------
                                           ;	udata_ovr
                                           ;--------------------------------------------------------
                                           ; reset vector 
                                           ;--------------------------------------------------------
                                           STARTUP	code 0x0000
000000   0000     nop                      	nop
000001   118a     bcf     0x0a, 0x3        	pagesel __sdcc_gsinit_startup
000002   120a     bcf     0x0a, 0x4        
000003   2928     goto    0x0128           	goto	__sdcc_gsinit_startup
                                           ;--------------------------------------------------------
                                           ; code
                                           ;--------------------------------------------------------
                                           code_main	code
                                           ;***
                                           ;  pBlock Stats: dbName = M
                                           ;***
                                           ;entry:  _main	;Function start
                                           ; 2 exit points
                                           ;has an exit
                                           ;functions called:
                                           ;   _GPIO_Init_Port
                                           ;   _GPIO_Set_Port
                                           ;   _GPIO_Get_Port
                                           ;   _GPIO_Set_Port
                                           ;   _GPIO_Init_Port
                                           ;   _GPIO_Set_Port
                                           ;   _GPIO_Get_Port
                                           ;   _GPIO_Set_Port
                                           ;2 compiler assigned registers:
                                           ;   STK00
                                           ;   r0x1000
                                           ;; Starting pCode block
                                           _main	;Function start
                                           ; 2 exit points
                                           ;	.line	10; "main.c"	GPIO_Init_Port(PORT_B , OUT ) ;
000204   3000     movlw   0x00             	MOVLW	0x00
000205   00ff     movwf   0x7f             	MOVWF	STK00
000206   3006     movlw   0x06             	MOVLW	0x06
000207   118a     bcf     0x0a, 0x3        	PAGESEL	_GPIO_Init_Port
000208   120a     bcf     0x0a, 0x4        
000209   2063     call    0x0063           	CALL	_GPIO_Init_Port
00020a   118a     bcf     0x0a, 0x3        	PAGESEL	$
00020b   120a     bcf     0x0a, 0x4        
                                           ;	.line	11; "main.c"	GPIO_Set_Port(PORT_B , 0b00000111);
00020c   3007     movlw   0x07             	MOVLW	0x07
00020d   00ff     movwf   0x7f             	MOVWF	STK00
00020e   3006     movlw   0x06             	MOVLW	0x06
00020f   118a     bcf     0x0a, 0x3        	PAGESEL	_GPIO_Set_Port
000210   120a     bcf     0x0a, 0x4        
000211   2054     call    0x0054           	CALL	_GPIO_Set_Port
000212   118a     bcf     0x0a, 0x3        	PAGESEL	$
000213   120a     bcf     0x0a, 0x4        
                                           _00108_DS_
                                           ;	.line	15; "main.c"	if(GPIO_Get_Port(PORT_B) == 0b00000111)
000214   3006     movlw   0x06             	MOVLW	0x06
000215   118a     bcf     0x0a, 0x3        	PAGESEL	_GPIO_Get_Port
000216   120a     bcf     0x0a, 0x4        
000217   2004     call    0x0004           	CALL	_GPIO_Get_Port
000218   118a     bcf     0x0a, 0x3        	PAGESEL	$
000219   120a     bcf     0x0a, 0x4        
                                           ;;1	MOVWF	r0x1000
00021a   3a07     xorlw   0x07             	XORLW	0x07
00021b   1d03     btfss   0x03, 0x2        	BTFSS	STATUS,2
00021c   2a14     goto    0x0214           	GOTO	_00108_DS_
                                           ;	.line	17; "main.c"	GPIO_Set_Port(PORT_B , 0b00001100);
00021d   300c     movlw   0x0c             	MOVLW	0x0c
00021e   00ff     movwf   0x7f             	MOVWF	STK00
00021f   3006     movlw   0x06             	MOVLW	0x06
000220   118a     bcf     0x0a, 0x3        	PAGESEL	_GPIO_Set_Port
000221   120a     bcf     0x0a, 0x4        
000222   2054     call    0x0054           	CALL	_GPIO_Set_Port
000223   118a     bcf     0x0a, 0x3        	PAGESEL	$
000224   120a     bcf     0x0a, 0x4        
000225   2a14     goto    0x0214           	GOTO	_00108_DS_
                                           ;	.line	21; "main.c"	return 0;
000226   0008     return                   	RETURN	
                                           ; exit point of _main
                                           
                                           
                                           ;	code size estimation:
                                           ;	   19+    8 =    27 instructions (   70 byte)
                                           
                                           	end
